{"/Users/victorivohenrique/Documents/video-recptor/src/Application/services/authentication.service.ts": {"path":"/Users/victorivohenrique/Documents/video-recptor/src/Application/services/authentication.service.ts","statementMap":{"0":{"start":{"line":1,"column":0},"end":{"line":1,"column":71}},"1":{"start":{"line":2,"column":0},"end":{"line":2,"column":45}},"2":{"start":{"line":5,"column":7},"end":{"line":23,"column":null}},"3":{"start":{"line":6,"column":19},"end":{"line":6,"column":66}},"4":{"start":{"line":10,"column":4},"end":{"line":21,"column":5}},"5":{"start":{"line":12,"column":38},"end":{"line":12,"column":94}},"6":{"start":{"line":14,"column":6},"end":{"line":14,"column":27}},"7":{"start":{"line":17,"column":6},"end":{"line":20,"column":8}},"8":{"start":{"line":5,"column":13},"end":{"line":5,"column":24}},"9":{"start":{"line":5,"column":13},"end":{"line":23,"column":null}}},"fnMap":{"0":{"name":"(anonymous_1)","decl":{"start":{"line":5,"column":7},"end":{"line":5,"column":13}},"loc":{"start":{"line":5,"column":7},"end":{"line":23,"column":1}}},"1":{"name":"(anonymous_2)","decl":{"start":{"line":9,"column":2},"end":{"line":9,"column":7}},"loc":{"start":{"line":9,"column":45},"end":{"line":22,"column":3}}}},"branchMap":{"0":{"loc":{"start":{"line":18,"column":8},"end":{"line":18,"column":68}},"type":"binary-expr","locations":[{"start":{"line":18,"column":8},"end":{"line":18,"column":28}},{"start":{"line":18,"column":32},"end":{"line":18,"column":68}}]},"1":{"loc":{"start":{"line":19,"column":8},"end":{"line":19,"column":66}},"type":"binary-expr","locations":[{"start":{"line":19,"column":8},"end":{"line":19,"column":30}},{"start":{"line":19,"column":34},"end":{"line":19,"column":66}}]}},"s":{"0":2,"1":2,"2":2,"3":4,"4":3,"5":3,"6":1,"7":2,"8":2,"9":2},"f":{"0":4,"1":3},"b":{"0":[2,1],"1":[2,1]}}
,"/Users/victorivohenrique/Documents/video-recptor/src/Application/services/s3.service.ts": {"path":"/Users/victorivohenrique/Documents/video-recptor/src/Application/services/s3.service.ts","statementMap":{"0":{"start":{"line":1,"column":0},"end":{"line":1,"column":71}},"1":{"start":{"line":2,"column":0},"end":{"line":2,"column":31}},"2":{"start":{"line":3,"column":0},"end":{"line":3,"column":47}},"3":{"start":{"line":6,"column":7},"end":{"line":38,"column":null}},"4":{"start":{"line":10,"column":31},"end":{"line":10,"column":46}},"5":{"start":{"line":11,"column":4},"end":{"line":15,"column":7}},"6":{"start":{"line":16,"column":4},"end":{"line":16,"column":75}},"7":{"start":{"line":20,"column":4},"end":{"line":36,"column":5}},"8":{"start":{"line":22,"column":21},"end":{"line":22,"column":57}},"9":{"start":{"line":24,"column":46},"end":{"line":29,"column":8}},"10":{"start":{"line":31,"column":29},"end":{"line":31,"column":67}},"11":{"start":{"line":33,"column":6},"end":{"line":33,"column":37}},"12":{"start":{"line":35,"column":6},"end":{"line":35,"column":98}},"13":{"start":{"line":6,"column":13},"end":{"line":6,"column":30}},"14":{"start":{"line":6,"column":13},"end":{"line":38,"column":null}}},"fnMap":{"0":{"name":"(anonymous_2)","decl":{"start":{"line":10,"column":2},"end":{"line":10,"column":31}},"loc":{"start":{"line":10,"column":59},"end":{"line":17,"column":3}}},"1":{"name":"(anonymous_3)","decl":{"start":{"line":19,"column":2},"end":{"line":19,"column":7}},"loc":{"start":{"line":19,"column":60},"end":{"line":37,"column":3}}}},"branchMap":{},"s":{"0":2,"1":2,"2":2,"3":2,"4":1,"5":1,"6":1,"7":0,"8":0,"9":0,"10":0,"11":0,"12":0,"13":2,"14":2},"f":{"0":1,"1":0},"b":{}}
,"/Users/victorivohenrique/Documents/video-recptor/src/Application/services/sns.service.ts": {"path":"/Users/victorivohenrique/Documents/video-recptor/src/Application/services/sns.service.ts","statementMap":{"0":{"start":{"line":1,"column":0},"end":{"line":1,"column":71}},"1":{"start":{"line":2,"column":0},"end":{"line":2,"column":31}},"2":{"start":{"line":3,"column":0},"end":{"line":3,"column":47}},"3":{"start":{"line":6,"column":7},"end":{"line":34,"column":null}},"4":{"start":{"line":10,"column":31},"end":{"line":10,"column":46}},"5":{"start":{"line":11,"column":4},"end":{"line":15,"column":7}},"6":{"start":{"line":16,"column":4},"end":{"line":16,"column":75}},"7":{"start":{"line":20,"column":4},"end":{"line":32,"column":5}},"8":{"start":{"line":21,"column":43},"end":{"line":25,"column":8}},"9":{"start":{"line":27,"column":23},"end":{"line":27,"column":63}},"10":{"start":{"line":29,"column":6},"end":{"line":29,"column":22}},"11":{"start":{"line":31,"column":6},"end":{"line":31,"column":97}},"12":{"start":{"line":6,"column":13},"end":{"line":6,"column":23}},"13":{"start":{"line":6,"column":13},"end":{"line":34,"column":null}}},"fnMap":{"0":{"name":"(anonymous_2)","decl":{"start":{"line":10,"column":2},"end":{"line":10,"column":31}},"loc":{"start":{"line":10,"column":59},"end":{"line":17,"column":3}}},"1":{"name":"(anonymous_3)","decl":{"start":{"line":19,"column":2},"end":{"line":19,"column":7}},"loc":{"start":{"line":19,"column":50},"end":{"line":33,"column":3}}}},"branchMap":{},"s":{"0":2,"1":2,"2":2,"3":2,"4":1,"5":1,"6":1,"7":0,"8":0,"9":0,"10":0,"11":0,"12":2,"13":2},"f":{"0":1,"1":0},"b":{}}
,"/Users/victorivohenrique/Documents/video-recptor/src/Application/services/sqs.service.ts": {"path":"/Users/victorivohenrique/Documents/video-recptor/src/Application/services/sqs.service.ts","statementMap":{"0":{"start":{"line":1,"column":0},"end":{"line":1,"column":68}},"1":{"start":{"line":2,"column":0},"end":{"line":2,"column":52}},"2":{"start":{"line":3,"column":0},"end":{"line":3,"column":47}},"3":{"start":{"line":6,"column":7},"end":{"line":35,"column":null}},"4":{"start":{"line":13,"column":31},"end":{"line":13,"column":46}},"5":{"start":{"line":8,"column":19},"end":{"line":8,"column":91}},"6":{"start":{"line":9,"column":19},"end":{"line":9,"column":99}},"7":{"start":{"line":10,"column":19},"end":{"line":10,"column":77}},"8":{"start":{"line":11,"column":19},"end":{"line":11,"column":91}},"9":{"start":{"line":14,"column":4},"end":{"line":22,"column":7}},"10":{"start":{"line":27,"column":19},"end":{"line":31,"column":6}},"11":{"start":{"line":33,"column":4},"end":{"line":33,"column":62}},"12":{"start":{"line":6,"column":13},"end":{"line":6,"column":26}},"13":{"start":{"line":6,"column":13},"end":{"line":35,"column":null}}},"fnMap":{"0":{"name":"(anonymous_2)","decl":{"start":{"line":13,"column":2},"end":{"line":13,"column":31}},"loc":{"start":{"line":13,"column":59},"end":{"line":24,"column":3}}},"1":{"name":"(anonymous_3)","decl":{"start":{"line":26,"column":2},"end":{"line":26,"column":7}},"loc":{"start":{"line":26,"column":51},"end":{"line":34,"column":3}}}},"branchMap":{},"s":{"0":2,"1":2,"2":2,"3":2,"4":1,"5":1,"6":1,"7":1,"8":1,"9":1,"10":1,"11":1,"12":2,"13":2},"f":{"0":1,"1":1},"b":{}}
,"/Users/victorivohenrique/Documents/video-recptor/src/Application/services/video.service.ts": {"path":"/Users/victorivohenrique/Documents/video-recptor/src/Application/services/video.service.ts","statementMap":{"0":{"start":{"line":1,"column":0},"end":{"line":1,"column":44}},"1":{"start":{"line":2,"column":0},"end":{"line":2,"column":51}},"2":{"start":{"line":4,"column":0},"end":{"line":4,"column":78}},"3":{"start":{"line":7,"column":7},"end":{"line":25,"column":null}},"4":{"start":{"line":10,"column":21},"end":{"line":10,"column":38}},"5":{"start":{"line":14,"column":4},"end":{"line":14,"column":61}},"6":{"start":{"line":18,"column":4},"end":{"line":18,"column":49}},"7":{"start":{"line":22,"column":4},"end":{"line":22,"column":48}},"8":{"start":{"line":7,"column":13},"end":{"line":7,"column":25}},"9":{"start":{"line":7,"column":13},"end":{"line":25,"column":null}}},"fnMap":{"0":{"name":"(anonymous_4)","decl":{"start":{"line":8,"column":2},"end":{"line":8,"column":null}},"loc":{"start":{"line":10,"column":54},"end":{"line":11,"column":7}}},"1":{"name":"(anonymous_5)","decl":{"start":{"line":13,"column":2},"end":{"line":13,"column":7}},"loc":{"start":{"line":13,"column":50},"end":{"line":15,"column":3}}},"2":{"name":"(anonymous_6)","decl":{"start":{"line":17,"column":2},"end":{"line":17,"column":7}},"loc":{"start":{"line":17,"column":26},"end":{"line":19,"column":3}}},"3":{"name":"(anonymous_7)","decl":{"start":{"line":21,"column":2},"end":{"line":21,"column":7}},"loc":{"start":{"line":21,"column":25},"end":{"line":23,"column":3}}}},"branchMap":{},"s":{"0":2,"1":2,"2":2,"3":2,"4":2,"5":1,"6":1,"7":0,"8":2,"9":2},"f":{"0":2,"1":1,"2":1,"3":0},"b":{}}
,"/Users/victorivohenrique/Documents/video-recptor/src/Domain/Repositories/video.repository.ts": {"path":"/Users/victorivohenrique/Documents/video-recptor/src/Domain/Repositories/video.repository.ts","statementMap":{"0":{"start":{"line":1,"column":0},"end":{"line":1,"column":37}},"1":{"start":{"line":2,"column":0},"end":{"line":2,"column":64}},"2":{"start":{"line":4,"column":0},"end":{"line":4,"column":71}},"3":{"start":{"line":5,"column":0},"end":{"line":5,"column":36}},"4":{"start":{"line":6,"column":0},"end":{"line":6,"column":62}},"5":{"start":{"line":10,"column":7},"end":{"line":65,"column":null}},"6":{"start":{"line":16,"column":41},"end":{"line":16,"column":55}},"7":{"start":{"line":18,"column":23},"end":{"line":18,"column":58}},"8":{"start":{"line":20,"column":17},"end":{"line":20,"column":28}},"9":{"start":{"line":21,"column":4},"end":{"line":22,"column":null}},"10":{"start":{"line":23,"column":4},"end":{"line":23,"column":null}},"11":{"start":{"line":24,"column":4},"end":{"line":24,"column":null}},"12":{"start":{"line":26,"column":4},"end":{"line":34,"column":5}},"13":{"start":{"line":27,"column":6},"end":{"line":27,"column":26}},"14":{"start":{"line":28,"column":6},"end":{"line":28,"column":68}},"15":{"start":{"line":29,"column":6},"end":{"line":29,"column":28}},"16":{"start":{"line":31,"column":6},"end":{"line":33,"column":8}},"17":{"start":{"line":39,"column":4},"end":{"line":47,"column":5}},"18":{"start":{"line":40,"column":20},"end":{"line":40,"column":67}},"19":{"start":{"line":41,"column":6},"end":{"line":41,"column":null}},"20":{"start":{"line":43,"column":6},"end":{"line":43,"column":null}},"21":{"start":{"line":44,"column":6},"end":{"line":46,"column":8}},"22":{"start":{"line":52,"column":4},"end":{"line":61,"column":5}},"23":{"start":{"line":53,"column":22},"end":{"line":53,"column":49}},"24":{"start":{"line":54,"column":6},"end":{"line":54,"column":34}},"25":{"start":{"line":55,"column":6},"end":{"line":55,"column":null}},"26":{"start":{"line":57,"column":6},"end":{"line":57,"column":null}},"27":{"start":{"line":58,"column":6},"end":{"line":60,"column":8}},"28":{"start":{"line":10,"column":13},"end":{"line":10,"column":29}},"29":{"start":{"line":10,"column":13},"end":{"line":65,"column":null}}},"fnMap":{"0":{"name":"(anonymous_1)","decl":{"start":{"line":14,"column":2},"end":{"line":14,"column":7}},"loc":{"start":{"line":14,"column":51},"end":{"line":35,"column":3}}},"1":{"name":"(anonymous_2)","decl":{"start":{"line":37,"column":2},"end":{"line":37,"column":7}},"loc":{"start":{"line":37,"column":31},"end":{"line":49,"column":3}}},"2":{"name":"(anonymous_3)","decl":{"start":{"line":51,"column":2},"end":{"line":51,"column":7}},"loc":{"start":{"line":51,"column":30},"end":{"line":62,"column":3}}}},"branchMap":{},"s":{"0":3,"1":3,"2":3,"3":3,"4":3,"5":3,"6":0,"7":0,"8":0,"9":0,"10":0,"11":0,"12":0,"13":0,"14":0,"15":0,"16":0,"17":2,"18":2,"19":1,"20":1,"21":1,"22":1,"23":1,"24":0,"25":0,"26":1,"27":1,"28":3,"29":3},"f":{"0":0,"1":2,"2":1},"b":{}}
,"/Users/victorivohenrique/Documents/video-recptor/src/Presentation/Videos/upload.controller.ts": {"path":"/Users/victorivohenrique/Documents/video-recptor/src/Presentation/Videos/upload.controller.ts","statementMap":{"0":{"start":{"line":1,"column":0},"end":{"line":1,"column":null}},"1":{"start":{"line":15,"column":0},"end":{"line":15,"column":59}},"2":{"start":{"line":16,"column":0},"end":{"line":16,"column":50}},"3":{"start":{"line":17,"column":0},"end":{"line":17,"column":72}},"4":{"start":{"line":18,"column":0},"end":{"line":18,"column":71}},"5":{"start":{"line":19,"column":0},"end":{"line":19,"column":47}},"6":{"start":{"line":20,"column":0},"end":{"line":20,"column":68}},"7":{"start":{"line":21,"column":0},"end":{"line":21,"column":80}},"8":{"start":{"line":24,"column":7},"end":{"line":119,"column":null}},"9":{"start":{"line":28,"column":31},"end":{"line":28,"column":45}},"10":{"start":{"line":29,"column":12},"end":{"line":29,"column":27}},"11":{"start":{"line":30,"column":21},"end":{"line":30,"column":36}},"12":{"start":{"line":31,"column":12},"end":{"line":31,"column":24}},"13":{"start":{"line":32,"column":12},"end":{"line":32,"column":25}},"14":{"start":{"line":26,"column":19},"end":{"line":26,"column":123}},"15":{"start":{"line":41,"column":23},"end":{"line":41,"column":37}},"16":{"start":{"line":45,"column":17},"end":{"line":45,"column":21}},"17":{"start":{"line":47,"column":4},"end":{"line":77,"column":5}},"18":{"start":{"line":48,"column":6},"end":{"line":50,"column":7}},"19":{"start":{"line":49,"column":8},"end":{"line":49,"column":64}},"20":{"start":{"line":52,"column":6},"end":{"line":72,"column":7}},"21":{"start":{"line":53,"column":25},"end":{"line":53,"column":63}},"22":{"start":{"line":56,"column":8},"end":{"line":56,"column":36}},"23":{"start":{"line":58,"column":24},"end":{"line":58,"column":75}},"24":{"start":{"line":60,"column":8},"end":{"line":60,"column":null}},"25":{"start":{"line":62,"column":8},"end":{"line":65,"column":10}},"26":{"start":{"line":67,"column":24},"end":{"line":67,"column":55}},"27":{"start":{"line":68,"column":24},"end":{"line":68,"column":55}},"28":{"start":{"line":69,"column":8},"end":{"line":69,"column":58}},"29":{"start":{"line":71,"column":8},"end":{"line":71,"column":74}},"30":{"start":{"line":74,"column":6},"end":{"line":76,"column":null}},"31":{"start":{"line":84,"column":17},"end":{"line":84,"column":70}},"32":{"start":{"line":86,"column":4},"end":{"line":97,"column":5}},"33":{"start":{"line":87,"column":6},"end":{"line":92,"column":7}},"34":{"start":{"line":88,"column":28},"end":{"line":88,"column":75}},"35":{"start":{"line":89,"column":8},"end":{"line":89,"column":27}},"36":{"start":{"line":91,"column":8},"end":{"line":91,"column":79}},"37":{"start":{"line":94,"column":6},"end":{"line":96,"column":null}},"38":{"start":{"line":103,"column":17},"end":{"line":103,"column":70}},"39":{"start":{"line":105,"column":4},"end":{"line":116,"column":5}},"40":{"start":{"line":106,"column":6},"end":{"line":111,"column":7}},"41":{"start":{"line":107,"column":8},"end":{"line":107,"column":51}},"42":{"start":{"line":108,"column":8},"end":{"line":108,"column":32}},"43":{"start":{"line":110,"column":8},"end":{"line":110,"column":82}},"44":{"start":{"line":113,"column":6},"end":{"line":115,"column":null}},"45":{"start":{"line":24,"column":13},"end":{"line":24,"column":29}},"46":{"start":{"line":36,"column":8},"end":{"line":79,"column":null}},"47":{"start":{"line":82,"column":8},"end":{"line":98,"column":null}},"48":{"start":{"line":101,"column":8},"end":{"line":118,"column":null}},"49":{"start":{"line":24,"column":13},"end":{"line":119,"column":null}}},"fnMap":{"0":{"name":"(anonymous_4)","decl":{"start":{"line":28,"column":2},"end":{"line":28,"column":31}},"loc":{"start":{"line":32,"column":36},"end":{"line":32,"column":41}}},"1":{"name":"(anonymous_5)","decl":{"start":{"line":36,"column":2},"end":{"line":36,"column":7}},"loc":{"start":{"line":38,"column":42},"end":{"line":79,"column":3}}},"2":{"name":"(anonymous_6)","decl":{"start":{"line":82,"column":2},"end":{"line":82,"column":7}},"loc":{"start":{"line":82,"column":56},"end":{"line":98,"column":3}}},"3":{"name":"(anonymous_7)","decl":{"start":{"line":101,"column":2},"end":{"line":101,"column":7}},"loc":{"start":{"line":101,"column":71},"end":{"line":118,"column":3}}}},"branchMap":{"0":{"loc":{"start":{"line":47,"column":4},"end":{"line":77,"column":5}},"type":"if","locations":[{"start":{"line":47,"column":4},"end":{"line":77,"column":5}},{"start":{"line":73,"column":11},"end":{"line":77,"column":5}}]},"1":{"loc":{"start":{"line":48,"column":6},"end":{"line":50,"column":7}},"type":"if","locations":[{"start":{"line":48,"column":6},"end":{"line":50,"column":7}}]},"2":{"loc":{"start":{"line":71,"column":36},"end":{"line":71,"column":72}},"type":"binary-expr","locations":[{"start":{"line":71,"column":36},"end":{"line":71,"column":48}},{"start":{"line":71,"column":52},"end":{"line":71,"column":72}}]},"3":{"loc":{"start":{"line":86,"column":4},"end":{"line":97,"column":5}},"type":"if","locations":[{"start":{"line":86,"column":4},"end":{"line":97,"column":5}},{"start":{"line":93,"column":11},"end":{"line":97,"column":5}}]},"4":{"loc":{"start":{"line":91,"column":36},"end":{"line":91,"column":77}},"type":"binary-expr","locations":[{"start":{"line":91,"column":36},"end":{"line":91,"column":48}},{"start":{"line":91,"column":52},"end":{"line":91,"column":77}}]},"5":{"loc":{"start":{"line":105,"column":4},"end":{"line":116,"column":5}},"type":"if","locations":[{"start":{"line":105,"column":4},"end":{"line":116,"column":5}},{"start":{"line":112,"column":11},"end":{"line":116,"column":5}}]},"6":{"loc":{"start":{"line":110,"column":36},"end":{"line":110,"column":80}},"type":"binary-expr","locations":[{"start":{"line":110,"column":36},"end":{"line":110,"column":48}},{"start":{"line":110,"column":52},"end":{"line":110,"column":80}}]}},"s":{"0":1,"1":1,"2":1,"3":1,"4":1,"5":1,"6":1,"7":1,"8":1,"9":8,"10":8,"11":8,"12":8,"13":8,"14":8,"15":3,"16":3,"17":3,"18":3,"19":1,"20":2,"21":2,"22":2,"23":2,"24":1,"25":1,"26":1,"27":1,"28":1,"29":1,"30":0,"31":2,"32":2,"33":2,"34":2,"35":1,"36":1,"37":0,"38":3,"39":3,"40":2,"41":2,"42":1,"43":1,"44":1,"45":1,"46":1,"47":1,"48":1,"49":1},"f":{"0":8,"1":3,"2":2,"3":3},"b":{"0":[3,0],"1":[1],"2":[1,0],"3":[2,0],"4":[1,0],"5":[2,1],"6":[1,0]}}
,"/Users/victorivohenrique/Documents/video-recptor/src/Presentation/Videos/upload.entity.ts": {"path":"/Users/victorivohenrique/Documents/video-recptor/src/Presentation/Videos/upload.entity.ts","statementMap":{"0":{"start":{"line":1,"column":0},"end":{"line":1,"column":121}},"1":{"start":{"line":5,"column":7},"end":{"line":26,"column":null}},"2":{"start":{"line":5,"column":13},"end":{"line":5,"column":18}},"3":{"start":{"line":7,"column":2},"end":{"line":7,"column":null}},"4":{"start":{"line":10,"column":2},"end":{"line":10,"column":null}},"5":{"start":{"line":13,"column":2},"end":{"line":13,"column":null}},"6":{"start":{"line":16,"column":2},"end":{"line":16,"column":null}},"7":{"start":{"line":19,"column":2},"end":{"line":19,"column":null}},"8":{"start":{"line":22,"column":2},"end":{"line":22,"column":null}},"9":{"start":{"line":25,"column":2},"end":{"line":25,"column":null}},"10":{"start":{"line":5,"column":13},"end":{"line":26,"column":null}}},"fnMap":{},"branchMap":{},"s":{"0":3,"1":3,"2":3,"3":3,"4":3,"5":3,"6":3,"7":3,"8":3,"9":3,"10":3},"f":{},"b":{}}
,"/Users/victorivohenrique/Documents/video-recptor/src/Presentation/Videos/dto/upload.dto.ts": {"path":"/Users/victorivohenrique/Documents/video-recptor/src/Presentation/Videos/dto/upload.dto.ts","statementMap":{"0":{"start":{"line":1,"column":0},"end":{"line":1,"column":46}},"1":{"start":{"line":2,"column":0},"end":{"line":2,"column":53}},"2":{"start":{"line":4,"column":0},"end":{"line":4,"column":13}},"3":{"start":{"line":11,"column":2},"end":{"line":11,"column":null}},"4":{"start":{"line":19,"column":2},"end":{"line":19,"column":null}}},"fnMap":{},"branchMap":{},"s":{"0":1,"1":1,"2":1,"3":1,"4":1},"f":{},"b":{}}
}
