{"/Users/victorivohenrique/Documents/video-recptor/src/Application/services/authentication.service.ts": {"path":"/Users/victorivohenrique/Documents/video-recptor/src/Application/services/authentication.service.ts","statementMap":{"0":{"start":{"line":1,"column":0},"end":{"line":1,"column":71}},"1":{"start":{"line":2,"column":0},"end":{"line":2,"column":45}},"2":{"start":{"line":5,"column":7},"end":{"line":22,"column":null}},"3":{"start":{"line":6,"column":19},"end":{"line":6,"column":103}},"4":{"start":{"line":10,"column":4},"end":{"line":20,"column":5}},"5":{"start":{"line":12,"column":38},"end":{"line":12,"column":117}},"6":{"start":{"line":14,"column":6},"end":{"line":14,"column":27}},"7":{"start":{"line":16,"column":6},"end":{"line":19,"column":8}},"8":{"start":{"line":5,"column":13},"end":{"line":5,"column":24}},"9":{"start":{"line":5,"column":13},"end":{"line":22,"column":null}}},"fnMap":{"0":{"name":"(anonymous_1)","decl":{"start":{"line":5,"column":7},"end":{"line":5,"column":13}},"loc":{"start":{"line":5,"column":7},"end":{"line":22,"column":1}}},"1":{"name":"(anonymous_2)","decl":{"start":{"line":9,"column":2},"end":{"line":9,"column":7}},"loc":{"start":{"line":9,"column":63},"end":{"line":21,"column":3}}}},"branchMap":{"0":{"loc":{"start":{"line":17,"column":8},"end":{"line":17,"column":68}},"type":"binary-expr","locations":[{"start":{"line":17,"column":8},"end":{"line":17,"column":28}},{"start":{"line":17,"column":32},"end":{"line":17,"column":68}}]},"1":{"loc":{"start":{"line":18,"column":8},"end":{"line":18,"column":66}},"type":"binary-expr","locations":[{"start":{"line":18,"column":8},"end":{"line":18,"column":30}},{"start":{"line":18,"column":34},"end":{"line":18,"column":66}}]}},"s":{"0":2,"1":2,"2":2,"3":4,"4":3,"5":3,"6":1,"7":2,"8":2,"9":2},"f":{"0":4,"1":3},"b":{"0":[2,1],"1":[2,1]}}
,"/Users/victorivohenrique/Documents/video-recptor/src/Application/services/s3.service.ts": {"path":"/Users/victorivohenrique/Documents/video-recptor/src/Application/services/s3.service.ts","statementMap":{"0":{"start":{"line":1,"column":0},"end":{"line":1,"column":71}},"1":{"start":{"line":2,"column":0},"end":{"line":2,"column":31}},"2":{"start":{"line":3,"column":0},"end":{"line":3,"column":47}},"3":{"start":{"line":6,"column":7},"end":{"line":44,"column":null}},"4":{"start":{"line":15,"column":31},"end":{"line":15,"column":46}},"5":{"start":{"line":10,"column":19},"end":{"line":10,"column":91}},"6":{"start":{"line":11,"column":19},"end":{"line":11,"column":99}},"7":{"start":{"line":12,"column":19},"end":{"line":12,"column":77}},"8":{"start":{"line":13,"column":19},"end":{"line":13,"column":91}},"9":{"start":{"line":16,"column":4},"end":{"line":23,"column":7}},"10":{"start":{"line":24,"column":4},"end":{"line":24,"column":75}},"11":{"start":{"line":29,"column":4},"end":{"line":42,"column":5}},"12":{"start":{"line":30,"column":46},"end":{"line":35,"column":8}},"13":{"start":{"line":37,"column":29},"end":{"line":37,"column":67}},"14":{"start":{"line":39,"column":6},"end":{"line":39,"column":37}},"15":{"start":{"line":41,"column":6},"end":{"line":41,"column":98}},"16":{"start":{"line":6,"column":13},"end":{"line":6,"column":30}},"17":{"start":{"line":6,"column":13},"end":{"line":44,"column":null}}},"fnMap":{"0":{"name":"(anonymous_2)","decl":{"start":{"line":15,"column":2},"end":{"line":15,"column":31}},"loc":{"start":{"line":15,"column":59},"end":{"line":25,"column":3}}},"1":{"name":"(anonymous_3)","decl":{"start":{"line":27,"column":2},"end":{"line":27,"column":7}},"loc":{"start":{"line":27,"column":69},"end":{"line":43,"column":3}}}},"branchMap":{},"s":{"0":4,"1":4,"2":4,"3":4,"4":1,"5":1,"6":1,"7":1,"8":1,"9":1,"10":1,"11":0,"12":0,"13":0,"14":0,"15":0,"16":4,"17":4},"f":{"0":1,"1":0},"b":{}}
,"/Users/victorivohenrique/Documents/video-recptor/src/Application/services/sns.service.ts": {"path":"/Users/victorivohenrique/Documents/video-recptor/src/Application/services/sns.service.ts","statementMap":{"0":{"start":{"line":1,"column":0},"end":{"line":1,"column":71}},"1":{"start":{"line":2,"column":0},"end":{"line":2,"column":31}},"2":{"start":{"line":3,"column":0},"end":{"line":3,"column":47}},"3":{"start":{"line":6,"column":7},"end":{"line":43,"column":null}},"4":{"start":{"line":15,"column":31},"end":{"line":15,"column":46}},"5":{"start":{"line":10,"column":19},"end":{"line":10,"column":91}},"6":{"start":{"line":11,"column":19},"end":{"line":11,"column":99}},"7":{"start":{"line":12,"column":19},"end":{"line":12,"column":77}},"8":{"start":{"line":13,"column":19},"end":{"line":13,"column":91}},"9":{"start":{"line":16,"column":4},"end":{"line":23,"column":7}},"10":{"start":{"line":24,"column":4},"end":{"line":24,"column":75}},"11":{"start":{"line":29,"column":4},"end":{"line":41,"column":5}},"12":{"start":{"line":30,"column":43},"end":{"line":34,"column":8}},"13":{"start":{"line":36,"column":23},"end":{"line":36,"column":63}},"14":{"start":{"line":38,"column":6},"end":{"line":38,"column":22}},"15":{"start":{"line":40,"column":6},"end":{"line":40,"column":97}},"16":{"start":{"line":6,"column":13},"end":{"line":6,"column":23}},"17":{"start":{"line":6,"column":13},"end":{"line":43,"column":null}}},"fnMap":{"0":{"name":"(anonymous_2)","decl":{"start":{"line":15,"column":2},"end":{"line":15,"column":31}},"loc":{"start":{"line":15,"column":59},"end":{"line":25,"column":3}}},"1":{"name":"(anonymous_3)","decl":{"start":{"line":27,"column":2},"end":{"line":27,"column":7}},"loc":{"start":{"line":27,"column":50},"end":{"line":42,"column":3}}}},"branchMap":{},"s":{"0":2,"1":2,"2":2,"3":2,"4":1,"5":1,"6":1,"7":1,"8":1,"9":1,"10":1,"11":0,"12":0,"13":0,"14":0,"15":0,"16":2,"17":2},"f":{"0":1,"1":0},"b":{}}
,"/Users/victorivohenrique/Documents/video-recptor/src/Application/services/sqs.service.ts": {"path":"/Users/victorivohenrique/Documents/video-recptor/src/Application/services/sqs.service.ts","statementMap":{"0":{"start":{"line":1,"column":0},"end":{"line":1,"column":68}},"1":{"start":{"line":2,"column":0},"end":{"line":2,"column":52}},"2":{"start":{"line":3,"column":0},"end":{"line":3,"column":47}},"3":{"start":{"line":6,"column":7},"end":{"line":35,"column":null}},"4":{"start":{"line":13,"column":31},"end":{"line":13,"column":46}},"5":{"start":{"line":8,"column":19},"end":{"line":8,"column":91}},"6":{"start":{"line":9,"column":19},"end":{"line":9,"column":99}},"7":{"start":{"line":10,"column":19},"end":{"line":10,"column":77}},"8":{"start":{"line":11,"column":19},"end":{"line":11,"column":91}},"9":{"start":{"line":14,"column":4},"end":{"line":22,"column":7}},"10":{"start":{"line":27,"column":19},"end":{"line":31,"column":6}},"11":{"start":{"line":33,"column":4},"end":{"line":33,"column":62}},"12":{"start":{"line":6,"column":13},"end":{"line":6,"column":26}},"13":{"start":{"line":6,"column":13},"end":{"line":35,"column":null}}},"fnMap":{"0":{"name":"(anonymous_2)","decl":{"start":{"line":13,"column":2},"end":{"line":13,"column":31}},"loc":{"start":{"line":13,"column":59},"end":{"line":24,"column":3}}},"1":{"name":"(anonymous_3)","decl":{"start":{"line":26,"column":2},"end":{"line":26,"column":7}},"loc":{"start":{"line":26,"column":51},"end":{"line":34,"column":3}}}},"branchMap":{},"s":{"0":2,"1":2,"2":2,"3":2,"4":1,"5":1,"6":1,"7":1,"8":1,"9":1,"10":1,"11":1,"12":2,"13":2},"f":{"0":1,"1":1},"b":{}}
,"/Users/victorivohenrique/Documents/video-recptor/src/Application/services/video.service.ts": {"path":"/Users/victorivohenrique/Documents/video-recptor/src/Application/services/video.service.ts","statementMap":{"0":{"start":{"line":1,"column":0},"end":{"line":1,"column":44}},"1":{"start":{"line":2,"column":0},"end":{"line":2,"column":51}},"2":{"start":{"line":4,"column":0},"end":{"line":4,"column":78}},"3":{"start":{"line":7,"column":7},"end":{"line":25,"column":null}},"4":{"start":{"line":10,"column":21},"end":{"line":10,"column":38}},"5":{"start":{"line":14,"column":4},"end":{"line":14,"column":61}},"6":{"start":{"line":18,"column":4},"end":{"line":18,"column":49}},"7":{"start":{"line":22,"column":4},"end":{"line":22,"column":48}},"8":{"start":{"line":7,"column":13},"end":{"line":7,"column":25}},"9":{"start":{"line":7,"column":13},"end":{"line":25,"column":null}}},"fnMap":{"0":{"name":"(anonymous_4)","decl":{"start":{"line":8,"column":2},"end":{"line":8,"column":null}},"loc":{"start":{"line":10,"column":54},"end":{"line":11,"column":7}}},"1":{"name":"(anonymous_5)","decl":{"start":{"line":13,"column":2},"end":{"line":13,"column":7}},"loc":{"start":{"line":13,"column":50},"end":{"line":15,"column":3}}},"2":{"name":"(anonymous_6)","decl":{"start":{"line":17,"column":2},"end":{"line":17,"column":7}},"loc":{"start":{"line":17,"column":26},"end":{"line":19,"column":3}}},"3":{"name":"(anonymous_7)","decl":{"start":{"line":21,"column":2},"end":{"line":21,"column":7}},"loc":{"start":{"line":21,"column":25},"end":{"line":23,"column":3}}}},"branchMap":{},"s":{"0":2,"1":2,"2":2,"3":2,"4":2,"5":1,"6":1,"7":0,"8":2,"9":2},"f":{"0":2,"1":1,"2":1,"3":0},"b":{}}
,"/Users/victorivohenrique/Documents/video-recptor/src/Domain/Repositories/video.repository.ts": {"path":"/Users/victorivohenrique/Documents/video-recptor/src/Domain/Repositories/video.repository.ts","statementMap":{"0":{"start":{"line":1,"column":0},"end":{"line":1,"column":37}},"1":{"start":{"line":2,"column":0},"end":{"line":2,"column":64}},"2":{"start":{"line":4,"column":0},"end":{"line":4,"column":71}},"3":{"start":{"line":5,"column":0},"end":{"line":5,"column":36}},"4":{"start":{"line":6,"column":0},"end":{"line":6,"column":62}},"5":{"start":{"line":7,"column":0},"end":{"line":7,"column":74}},"6":{"start":{"line":8,"column":0},"end":{"line":8,"column":51}},"7":{"start":{"line":11,"column":7},"end":{"line":68,"column":null}},"8":{"start":{"line":15,"column":4},"end":{"line":15,"column":70}},"9":{"start":{"line":13,"column":56},"end":{"line":13,"column":67}},"10":{"start":{"line":14,"column":21},"end":{"line":14,"column":40}},"11":{"start":{"line":20,"column":41},"end":{"line":20,"column":55}},"12":{"start":{"line":22,"column":23},"end":{"line":22,"column":58}},"13":{"start":{"line":24,"column":17},"end":{"line":24,"column":28}},"14":{"start":{"line":25,"column":4},"end":{"line":25,"column":null}},"15":{"start":{"line":26,"column":4},"end":{"line":26,"column":null}},"16":{"start":{"line":27,"column":4},"end":{"line":27,"column":null}},"17":{"start":{"line":28,"column":4},"end":{"line":28,"column":null}},"18":{"start":{"line":30,"column":4},"end":{"line":39,"column":5}},"19":{"start":{"line":31,"column":6},"end":{"line":31,"column":75}},"20":{"start":{"line":33,"column":6},"end":{"line":33,"column":26}},"21":{"start":{"line":34,"column":6},"end":{"line":34,"column":28}},"22":{"start":{"line":36,"column":6},"end":{"line":38,"column":8}},"23":{"start":{"line":44,"column":4},"end":{"line":51,"column":5}},"24":{"start":{"line":45,"column":20},"end":{"line":45,"column":72}},"25":{"start":{"line":46,"column":6},"end":{"line":46,"column":null}},"26":{"start":{"line":48,"column":6},"end":{"line":50,"column":8}},"27":{"start":{"line":56,"column":4},"end":{"line":64,"column":5}},"28":{"start":{"line":57,"column":22},"end":{"line":57,"column":49}},"29":{"start":{"line":58,"column":6},"end":{"line":58,"column":43}},"30":{"start":{"line":59,"column":6},"end":{"line":59,"column":null}},"31":{"start":{"line":61,"column":6},"end":{"line":63,"column":8}},"32":{"start":{"line":11,"column":13},"end":{"line":11,"column":29}},"33":{"start":{"line":11,"column":13},"end":{"line":68,"column":null}}},"fnMap":{"0":{"name":"(anonymous_4)","decl":{"start":{"line":13,"column":2},"end":{"line":13,"column":15}},"loc":{"start":{"line":14,"column":57},"end":{"line":16,"column":3}}},"1":{"name":"(anonymous_5)","decl":{"start":{"line":18,"column":2},"end":{"line":18,"column":7}},"loc":{"start":{"line":18,"column":51},"end":{"line":40,"column":3}}},"2":{"name":"(anonymous_6)","decl":{"start":{"line":42,"column":2},"end":{"line":42,"column":7}},"loc":{"start":{"line":42,"column":31},"end":{"line":53,"column":3}}},"3":{"name":"(anonymous_7)","decl":{"start":{"line":55,"column":2},"end":{"line":55,"column":7}},"loc":{"start":{"line":55,"column":30},"end":{"line":65,"column":3}}}},"branchMap":{},"s":{"0":3,"1":3,"2":3,"3":3,"4":3,"5":3,"6":3,"7":3,"8":4,"9":4,"10":4,"11":0,"12":0,"13":0,"14":0,"15":0,"16":0,"17":0,"18":0,"19":0,"20":0,"21":0,"22":0,"23":2,"24":2,"25":1,"26":1,"27":2,"28":2,"29":1,"30":1,"31":1,"32":3,"33":3},"f":{"0":4,"1":0,"2":2,"3":2},"b":{}}
,"/Users/victorivohenrique/Documents/video-recptor/src/Presentation/Videos/upload.controller.ts": {"path":"/Users/victorivohenrique/Documents/video-recptor/src/Presentation/Videos/upload.controller.ts","statementMap":{"0":{"start":{"line":1,"column":0},"end":{"line":1,"column":null}},"1":{"start":{"line":15,"column":0},"end":{"line":15,"column":59}},"2":{"start":{"line":16,"column":0},"end":{"line":16,"column":50}},"3":{"start":{"line":17,"column":0},"end":{"line":17,"column":72}},"4":{"start":{"line":18,"column":0},"end":{"line":18,"column":71}},"5":{"start":{"line":19,"column":0},"end":{"line":19,"column":47}},"6":{"start":{"line":20,"column":0},"end":{"line":20,"column":68}},"7":{"start":{"line":21,"column":0},"end":{"line":21,"column":80}},"8":{"start":{"line":24,"column":7},"end":{"line":121,"column":null}},"9":{"start":{"line":28,"column":31},"end":{"line":28,"column":45}},"10":{"start":{"line":29,"column":12},"end":{"line":29,"column":27}},"11":{"start":{"line":30,"column":21},"end":{"line":30,"column":36}},"12":{"start":{"line":31,"column":12},"end":{"line":31,"column":24}},"13":{"start":{"line":32,"column":12},"end":{"line":32,"column":25}},"14":{"start":{"line":26,"column":19},"end":{"line":26,"column":117}},"15":{"start":{"line":41,"column":33},"end":{"line":41,"column":47}},"16":{"start":{"line":43,"column":17},"end":{"line":43,"column":80}},"17":{"start":{"line":45,"column":4},"end":{"line":79,"column":5}},"18":{"start":{"line":46,"column":6},"end":{"line":51,"column":7}},"19":{"start":{"line":47,"column":24},"end":{"line":47,"column":55}},"20":{"start":{"line":48,"column":24},"end":{"line":48,"column":55}},"21":{"start":{"line":49,"column":8},"end":{"line":49,"column":58}},"22":{"start":{"line":50,"column":8},"end":{"line":50,"column":64}},"23":{"start":{"line":53,"column":6},"end":{"line":74,"column":7}},"24":{"start":{"line":54,"column":25},"end":{"line":54,"column":60}},"25":{"start":{"line":57,"column":8},"end":{"line":57,"column":36}},"26":{"start":{"line":59,"column":24},"end":{"line":59,"column":75}},"27":{"start":{"line":60,"column":24},"end":{"line":60,"column":42}},"28":{"start":{"line":62,"column":8},"end":{"line":62,"column":null}},"29":{"start":{"line":64,"column":8},"end":{"line":67,"column":10}},"30":{"start":{"line":69,"column":24},"end":{"line":69,"column":55}},"31":{"start":{"line":70,"column":24},"end":{"line":70,"column":55}},"32":{"start":{"line":71,"column":8},"end":{"line":71,"column":58}},"33":{"start":{"line":73,"column":8},"end":{"line":73,"column":74}},"34":{"start":{"line":76,"column":6},"end":{"line":78,"column":null}},"35":{"start":{"line":86,"column":17},"end":{"line":86,"column":80}},"36":{"start":{"line":88,"column":4},"end":{"line":99,"column":5}},"37":{"start":{"line":89,"column":6},"end":{"line":94,"column":7}},"38":{"start":{"line":90,"column":28},"end":{"line":90,"column":75}},"39":{"start":{"line":91,"column":8},"end":{"line":91,"column":27}},"40":{"start":{"line":93,"column":8},"end":{"line":93,"column":79}},"41":{"start":{"line":96,"column":6},"end":{"line":98,"column":null}},"42":{"start":{"line":105,"column":17},"end":{"line":105,"column":80}},"43":{"start":{"line":107,"column":4},"end":{"line":118,"column":5}},"44":{"start":{"line":108,"column":6},"end":{"line":113,"column":7}},"45":{"start":{"line":109,"column":8},"end":{"line":109,"column":51}},"46":{"start":{"line":110,"column":8},"end":{"line":110,"column":32}},"47":{"start":{"line":112,"column":8},"end":{"line":112,"column":82}},"48":{"start":{"line":115,"column":6},"end":{"line":117,"column":null}},"49":{"start":{"line":24,"column":13},"end":{"line":24,"column":29}},"50":{"start":{"line":36,"column":8},"end":{"line":81,"column":null}},"51":{"start":{"line":84,"column":8},"end":{"line":100,"column":null}},"52":{"start":{"line":103,"column":8},"end":{"line":120,"column":null}},"53":{"start":{"line":24,"column":13},"end":{"line":121,"column":null}}},"fnMap":{"0":{"name":"(anonymous_4)","decl":{"start":{"line":28,"column":2},"end":{"line":28,"column":31}},"loc":{"start":{"line":32,"column":36},"end":{"line":32,"column":41}}},"1":{"name":"(anonymous_5)","decl":{"start":{"line":36,"column":2},"end":{"line":36,"column":7}},"loc":{"start":{"line":38,"column":42},"end":{"line":81,"column":3}}},"2":{"name":"(anonymous_6)","decl":{"start":{"line":84,"column":2},"end":{"line":84,"column":7}},"loc":{"start":{"line":84,"column":93},"end":{"line":100,"column":3}}},"3":{"name":"(anonymous_7)","decl":{"start":{"line":103,"column":2},"end":{"line":103,"column":7}},"loc":{"start":{"line":103,"column":108},"end":{"line":120,"column":3}}}},"branchMap":{"0":{"loc":{"start":{"line":45,"column":4},"end":{"line":79,"column":5}},"type":"if","locations":[{"start":{"line":45,"column":4},"end":{"line":79,"column":5}},{"start":{"line":75,"column":11},"end":{"line":79,"column":5}}]},"1":{"loc":{"start":{"line":46,"column":6},"end":{"line":51,"column":7}},"type":"if","locations":[{"start":{"line":46,"column":6},"end":{"line":51,"column":7}}]},"2":{"loc":{"start":{"line":73,"column":36},"end":{"line":73,"column":72}},"type":"binary-expr","locations":[{"start":{"line":73,"column":36},"end":{"line":73,"column":48}},{"start":{"line":73,"column":52},"end":{"line":73,"column":72}}]},"3":{"loc":{"start":{"line":88,"column":4},"end":{"line":99,"column":5}},"type":"if","locations":[{"start":{"line":88,"column":4},"end":{"line":99,"column":5}},{"start":{"line":95,"column":11},"end":{"line":99,"column":5}}]},"4":{"loc":{"start":{"line":93,"column":36},"end":{"line":93,"column":77}},"type":"binary-expr","locations":[{"start":{"line":93,"column":36},"end":{"line":93,"column":48}},{"start":{"line":93,"column":52},"end":{"line":93,"column":77}}]},"5":{"loc":{"start":{"line":107,"column":4},"end":{"line":118,"column":5}},"type":"if","locations":[{"start":{"line":107,"column":4},"end":{"line":118,"column":5}},{"start":{"line":114,"column":11},"end":{"line":118,"column":5}}]},"6":{"loc":{"start":{"line":112,"column":36},"end":{"line":112,"column":80}},"type":"binary-expr","locations":[{"start":{"line":112,"column":36},"end":{"line":112,"column":48}},{"start":{"line":112,"column":52},"end":{"line":112,"column":80}}]}},"s":{"0":1,"1":1,"2":1,"3":1,"4":1,"5":1,"6":1,"7":1,"8":1,"9":8,"10":8,"11":8,"12":8,"13":8,"14":8,"15":3,"16":3,"17":3,"18":3,"19":1,"20":1,"21":1,"22":1,"23":2,"24":2,"25":2,"26":2,"27":1,"28":1,"29":1,"30":1,"31":1,"32":1,"33":1,"34":0,"35":2,"36":2,"37":2,"38":2,"39":1,"40":1,"41":0,"42":3,"43":3,"44":2,"45":2,"46":1,"47":1,"48":1,"49":1,"50":1,"51":1,"52":1,"53":1},"f":{"0":8,"1":3,"2":2,"3":3},"b":{"0":[3,0],"1":[1],"2":[1,0],"3":[2,0],"4":[1,0],"5":[2,1],"6":[1,0]}}
,"/Users/victorivohenrique/Documents/video-recptor/src/Presentation/Videos/upload.entity.ts": {"path":"/Users/victorivohenrique/Documents/video-recptor/src/Presentation/Videos/upload.entity.ts","statementMap":{"0":{"start":{"line":1,"column":0},"end":{"line":1,"column":121}},"1":{"start":{"line":5,"column":7},"end":{"line":26,"column":null}},"2":{"start":{"line":5,"column":13},"end":{"line":5,"column":18}},"3":{"start":{"line":7,"column":2},"end":{"line":7,"column":null}},"4":{"start":{"line":10,"column":2},"end":{"line":10,"column":null}},"5":{"start":{"line":13,"column":2},"end":{"line":13,"column":null}},"6":{"start":{"line":16,"column":2},"end":{"line":16,"column":null}},"7":{"start":{"line":19,"column":2},"end":{"line":19,"column":null}},"8":{"start":{"line":22,"column":2},"end":{"line":22,"column":null}},"9":{"start":{"line":25,"column":2},"end":{"line":25,"column":null}},"10":{"start":{"line":5,"column":13},"end":{"line":26,"column":null}}},"fnMap":{},"branchMap":{},"s":{"0":3,"1":3,"2":3,"3":3,"4":3,"5":3,"6":3,"7":3,"8":3,"9":3,"10":3},"f":{},"b":{}}
,"/Users/victorivohenrique/Documents/video-recptor/src/Presentation/Videos/dto/upload.dto.ts": {"path":"/Users/victorivohenrique/Documents/video-recptor/src/Presentation/Videos/dto/upload.dto.ts","statementMap":{"0":{"start":{"line":1,"column":0},"end":{"line":1,"column":46}},"1":{"start":{"line":2,"column":0},"end":{"line":2,"column":53}},"2":{"start":{"line":4,"column":0},"end":{"line":4,"column":13}},"3":{"start":{"line":10,"column":2},"end":{"line":10,"column":null}},"4":{"start":{"line":17,"column":2},"end":{"line":17,"column":null}},"5":{"start":{"line":25,"column":2},"end":{"line":25,"column":null}}},"fnMap":{},"branchMap":{},"s":{"0":1,"1":1,"2":1,"3":1,"4":1,"5":1},"f":{},"b":{}}
}
