TN:
SF:src/Application/services/authentication.service.ts
FN:5,(anonymous_1)
FN:9,(anonymous_2)
FNF:2
FNH:2
FNDA:4,(anonymous_1)
FNDA:3,(anonymous_2)
DA:1,2
DA:2,2
DA:5,2
DA:6,4
DA:10,3
DA:12,3
DA:14,1
DA:16,2
LF:8
LH:8
BRDA:17,0,0,2
BRDA:17,0,1,1
BRDA:18,1,0,2
BRDA:18,1,1,1
BRF:4
BRH:4
end_of_record
TN:
SF:src/Application/services/s3.service.ts
FN:15,(anonymous_2)
FN:27,(anonymous_3)
FNF:2
FNH:1
FNDA:1,(anonymous_2)
FNDA:0,(anonymous_3)
DA:1,4
DA:2,4
DA:3,4
DA:6,4
DA:10,1
DA:11,1
DA:12,1
DA:13,1
DA:15,1
DA:16,1
DA:24,1
DA:29,0
DA:30,0
DA:37,0
DA:39,0
DA:41,0
LF:16
LH:11
BRF:0
BRH:0
end_of_record
TN:
SF:src/Application/services/sns.service.ts
FN:15,(anonymous_2)
FN:27,(anonymous_3)
FNF:2
FNH:1
FNDA:1,(anonymous_2)
FNDA:0,(anonymous_3)
DA:1,2
DA:2,2
DA:3,2
DA:6,2
DA:10,1
DA:11,1
DA:12,1
DA:13,1
DA:15,1
DA:16,1
DA:24,1
DA:29,0
DA:30,0
DA:36,0
DA:38,0
DA:40,0
LF:16
LH:11
BRF:0
BRH:0
end_of_record
TN:
SF:src/Application/services/sqs.service.ts
FN:13,(anonymous_2)
FN:26,(anonymous_3)
FNF:2
FNH:2
FNDA:1,(anonymous_2)
FNDA:1,(anonymous_3)
DA:1,2
DA:2,2
DA:3,2
DA:6,2
DA:8,1
DA:9,1
DA:10,1
DA:11,1
DA:13,1
DA:14,1
DA:27,1
DA:33,1
LF:12
LH:12
BRF:0
BRH:0
end_of_record
TN:
SF:src/Application/services/video.service.ts
FN:8,(anonymous_4)
FN:13,(anonymous_5)
FN:17,(anonymous_6)
FN:21,(anonymous_7)
FNF:4
FNH:3
FNDA:2,(anonymous_4)
FNDA:1,(anonymous_5)
FNDA:1,(anonymous_6)
FNDA:0,(anonymous_7)
DA:1,2
DA:2,2
DA:4,2
DA:7,2
DA:10,2
DA:14,1
DA:18,1
DA:22,0
LF:8
LH:7
BRF:0
BRH:0
end_of_record
TN:
SF:src/Domain/Repositories/video.repository.ts
FN:13,(anonymous_4)
FN:18,(anonymous_5)
FN:42,(anonymous_6)
FN:55,(anonymous_7)
FNF:4
FNH:3
FNDA:4,(anonymous_4)
FNDA:0,(anonymous_5)
FNDA:2,(anonymous_6)
FNDA:2,(anonymous_7)
DA:1,3
DA:2,3
DA:4,3
DA:5,3
DA:6,3
DA:7,3
DA:8,3
DA:11,3
DA:13,4
DA:14,4
DA:15,4
DA:20,0
DA:22,0
DA:24,0
DA:25,0
DA:26,0
DA:27,0
DA:28,0
DA:30,0
DA:31,0
DA:33,0
DA:34,0
DA:36,0
DA:44,2
DA:45,2
DA:46,1
DA:48,1
DA:56,2
DA:57,2
DA:58,1
DA:59,1
DA:61,1
LF:32
LH:20
BRF:0
BRH:0
end_of_record
TN:
SF:src/Presentation/Videos/upload.controller.ts
FN:28,(anonymous_4)
FN:36,(anonymous_5)
FN:84,(anonymous_6)
FN:103,(anonymous_7)
FNF:4
FNH:4
FNDA:8,(anonymous_4)
FNDA:3,(anonymous_5)
FNDA:2,(anonymous_6)
FNDA:3,(anonymous_7)
DA:1,1
DA:15,1
DA:16,1
DA:17,1
DA:18,1
DA:19,1
DA:20,1
DA:21,1
DA:24,1
DA:26,8
DA:28,8
DA:29,8
DA:30,8
DA:31,8
DA:32,8
DA:36,1
DA:41,3
DA:43,3
DA:45,3
DA:46,3
DA:47,1
DA:48,1
DA:49,1
DA:50,1
DA:53,2
DA:54,2
DA:57,2
DA:59,2
DA:60,1
DA:62,1
DA:64,1
DA:69,1
DA:70,1
DA:71,1
DA:73,1
DA:76,0
DA:84,1
DA:86,2
DA:88,2
DA:89,2
DA:90,2
DA:91,1
DA:93,1
DA:96,0
DA:103,1
DA:105,3
DA:107,3
DA:108,2
DA:109,2
DA:110,1
DA:112,1
DA:115,1
LF:52
LH:50
BRDA:45,0,0,3
BRDA:45,0,1,0
BRDA:46,1,0,1
BRDA:73,2,0,1
BRDA:73,2,1,0
BRDA:88,3,0,2
BRDA:88,3,1,0
BRDA:93,4,0,1
BRDA:93,4,1,0
BRDA:107,5,0,2
BRDA:107,5,1,1
BRDA:112,6,0,1
BRDA:112,6,1,0
BRF:13
BRH:8
end_of_record
TN:
SF:src/Presentation/Videos/upload.entity.ts
FNF:0
FNH:0
DA:1,3
DA:5,3
DA:7,3
DA:10,3
DA:13,3
DA:16,3
DA:19,3
DA:22,3
DA:25,3
LF:9
LH:9
BRF:0
BRH:0
end_of_record
TN:
SF:src/Presentation/Videos/dto/upload.dto.ts
FNF:0
FNH:0
DA:1,1
DA:2,1
DA:4,1
DA:10,1
DA:17,1
DA:25,1
LF:6
LH:6
BRF:0
BRH:0
end_of_record
